2020-01-27 18:49:44.487 [main] INFO  HotelApplication() - Starting HotelApplication on DESKTOP-68DKG6R with PID 13324 (started by admin in D:\BaiduYunDownload\springmvc\SpringMVC-01\代码\hotel)
2020-01-27 18:49:44.517 [main] INFO  HotelApplication() - No active profile set, falling back to default profiles: default
2020-01-27 18:49:48.781 [main] INFO  RepositoryConfigurationDelegate() - Multiple Spring Data modules found, entering strict repository configuration mode!
2020-01-27 18:49:48.785 [main] INFO  RepositoryConfigurationDelegate() - Bootstrapping Spring Data repositories in DEFAULT mode.
2020-01-27 18:49:48.891 [main] INFO  RepositoryConfigurationDelegate() - Finished Spring Data repository scanning in 88ms. Found 0 repository interfaces.
2020-01-27 18:49:49.600 [main] INFO  PostProcessorRegistrationDelegate$BeanPostProcessorChecker() - Bean 'org.springframework.transaction.annotation.ProxyTransactionManagementConfiguration' of type [org.springframework.transaction.annotation.ProxyTransactionManagementConfiguration$$EnhancerBySpringCGLIB$$669226a4] is not eligible for getting processed by all BeanPostProcessors (for example: not eligible for auto-proxying)
2020-01-27 18:49:51.063 [main] INFO  TomcatWebServer() - Tomcat initialized with port(s): 8080 (http)
2020-01-27 18:49:51.395 [main] INFO  Http11NioProtocol() - Initializing ProtocolHandler ["http-nio-8080"]
2020-01-27 18:49:51.431 [main] INFO  StandardService() - Starting service [Tomcat]
2020-01-27 18:49:51.432 [main] INFO  StandardEngine() - Starting Servlet engine: [Apache Tomcat/9.0.17]
2020-01-27 18:49:52.244 [main] INFO  [/]() - Initializing Spring embedded WebApplicationContext
2020-01-27 18:49:52.244 [main] INFO  ContextLoader() - Root WebApplicationContext: initialization completed in 7617 ms
2020-01-27 18:49:52.838 [main] INFO  DruidDataSourceAutoConfigure() - Init DruidDataSource
2020-01-27 18:49:53.372 [main] INFO  DruidDataSource() - {dataSource-1} inited
2020-01-27 18:49:54.108 [main] INFO  DefaultSecurityFilterChain() - Creating filter chain: any request, [org.springframework.security.web.context.request.async.WebAsyncManagerIntegrationFilter@245253d8, org.springframework.security.web.context.SecurityContextPersistenceFilter@202d9236, org.springframework.security.web.header.HeaderWriterFilter@68b7d0ef, org.springframework.security.web.authentication.logout.LogoutFilter@68b11545, org.springframework.security.web.authentication.UsernamePasswordAuthenticationFilter@16d07cf3, org.springframework.security.web.authentication.ui.DefaultLoginPageGeneratingFilter@5707f613, org.springframework.security.web.authentication.ui.DefaultLogoutPageGeneratingFilter@12417468, org.springframework.security.web.savedrequest.RequestCacheAwareFilter@6d6ac396, org.springframework.security.web.servletapi.SecurityContextHolderAwareRequestFilter@62aeddc8, org.springframework.security.web.authentication.AnonymousAuthenticationFilter@459003a0, org.springframework.security.web.session.SessionManagementFilter@4a070cf0, org.springframework.security.web.access.ExceptionTranslationFilter@3421debd, org.springframework.security.web.access.intercept.FilterSecurityInterceptor@3f8dfe74]
2020-01-27 18:49:54.275 [main] INFO  ThreadPoolTaskExecutor() - Initializing ExecutorService 'applicationTaskExecutor'
2020-01-27 18:49:54.428 [main] INFO  WelcomePageHandlerMapping() - Adding welcome page template: index
2020-01-27 18:49:54.694 [main] INFO  DocumentationPluginsBootstrapper() - Context refreshed
2020-01-27 18:49:54.715 [main] INFO  DocumentationPluginsBootstrapper() - Found 1 custom documentation plugin(s)
2020-01-27 18:49:54.730 [main] INFO  ApiListingReferenceScanner() - Scanning for api listing references
2020-01-27 18:49:54.892 [main] INFO  CachingOperationNameGenerator() - Generating unique operation named: getAllUsingGET_1
2020-01-27 18:49:54.924 [main] INFO  CachingOperationNameGenerator() - Generating unique operation named: getAllUsingGET_2
2020-01-27 18:49:54.983 [main] INFO  CachingOperationNameGenerator() - Generating unique operation named: getAllUsingGET_3
2020-01-27 18:49:55.003 [main] INFO  CachingOperationNameGenerator() - Generating unique operation named: getAllUsingGET_4
2020-01-27 18:49:55.127 [main] INFO  CachingOperationNameGenerator() - Generating unique operation named: addUseInfoUsingPOST_1
2020-01-27 18:49:55.133 [main] INFO  CachingOperationNameGenerator() - Generating unique operation named: getAllUsingGET_5
2020-01-27 18:49:55.178 [main] INFO  Http11NioProtocol() - Starting ProtocolHandler ["http-nio-8080"]
2020-01-27 18:49:55.236 [main] INFO  TomcatWebServer() - Tomcat started on port(s): 8080 (http) with context path ''
2020-01-27 18:49:55.239 [main] INFO  HotelApplication() - Started HotelApplication in 14.54 seconds (JVM running for 24.667)
2020-01-27 18:50:27.792 [http-nio-8080-exec-1] INFO  [/]() - Initializing Spring DispatcherServlet 'dispatcherServlet'
2020-01-27 18:50:27.792 [http-nio-8080-exec-1] INFO  DispatcherServlet() - Initializing Servlet 'dispatcherServlet'
2020-01-27 18:50:27.806 [http-nio-8080-exec-1] INFO  DispatcherServlet() - Completed initialization in 14 ms
