14:36:34.911 [main] INFO  com.example.hotel.HotelApplication - Starting HotelApplication on DESKTOP-68DKG6R with PID 4164 (started by admin in D:\BaiduYunDownload\springmvc\SpringMVC-01\代码\hotel)
14:36:35.039 [main] INFO  com.example.hotel.HotelApplication - No active profile set, falling back to default profiles: default
14:36:40.048 [main] INFO  com.ulisesbocchio.jasyptspringboot.configuration.EnableEncryptablePropertiesBeanFactoryPostProcessor - Post-processing PropertySource instances
14:36:40.196 [main] INFO  com.ulisesbocchio.jasyptspringboot.EncryptablePropertySourceConverter - Converting PropertySource configurationProperties [org.springframework.boot.context.properties.source.ConfigurationPropertySourcesPropertySource] to AOP Proxy
14:36:40.198 [main] INFO  com.ulisesbocchio.jasyptspringboot.EncryptablePropertySourceConverter - Converting PropertySource servletConfigInitParams [org.springframework.core.env.PropertySource$StubPropertySource] to EncryptablePropertySourceWrapper
14:36:40.198 [main] INFO  com.ulisesbocchio.jasyptspringboot.EncryptablePropertySourceConverter - Converting PropertySource servletContextInitParams [org.springframework.core.env.PropertySource$StubPropertySource] to EncryptablePropertySourceWrapper
14:36:40.199 [main] INFO  com.ulisesbocchio.jasyptspringboot.EncryptablePropertySourceConverter - Converting PropertySource systemProperties [org.springframework.core.env.MapPropertySource] to EncryptableMapPropertySourceWrapper
14:36:40.199 [main] INFO  com.ulisesbocchio.jasyptspringboot.EncryptablePropertySourceConverter - Converting PropertySource systemEnvironment [org.springframework.boot.env.SystemEnvironmentPropertySourceEnvironmentPostProcessor$OriginAwareSystemEnvironmentPropertySource] to EncryptableMapPropertySourceWrapper
14:36:40.199 [main] INFO  com.ulisesbocchio.jasyptspringboot.EncryptablePropertySourceConverter - Converting PropertySource random [org.springframework.boot.env.RandomValuePropertySource] to EncryptablePropertySourceWrapper
14:36:40.200 [main] INFO  com.ulisesbocchio.jasyptspringboot.EncryptablePropertySourceConverter - Converting PropertySource applicationConfig: [classpath:/application.properties] [org.springframework.boot.env.OriginTrackedMapPropertySource] to EncryptableMapPropertySourceWrapper
14:36:40.200 [main] INFO  com.ulisesbocchio.jasyptspringboot.EncryptablePropertySourceConverter - Converting PropertySource applicationConfig: [classpath:/application.yml] [org.springframework.boot.env.OriginTrackedMapPropertySource] to EncryptableMapPropertySourceWrapper
14:36:40.301 [main] INFO  com.ulisesbocchio.jasyptspringboot.filter.DefaultLazyPropertyFilter - Property Filter custom Bean not found with name 'encryptablePropertyFilter'. Initializing Default Property Filter
14:36:40.736 [main] INFO  com.ulisesbocchio.jasyptspringboot.resolver.DefaultLazyPropertyResolver - Property Resolver custom Bean not found with name 'encryptablePropertyResolver'. Initializing Default Property Resolver
14:36:40.738 [main] INFO  com.ulisesbocchio.jasyptspringboot.detector.DefaultLazyPropertyDetector - Property Detector custom Bean not found with name 'encryptablePropertyDetector'. Initializing Default Property Detector
14:36:41.445 [main] INFO  org.apache.coyote.http11.Http11NioProtocol - Initializing ProtocolHandler ["http-nio-8080"]
14:36:41.459 [main] INFO  org.apache.catalina.core.StandardService - Starting service [Tomcat]
14:36:41.461 [main] INFO  org.apache.catalina.core.StandardEngine - Starting Servlet engine: [Apache Tomcat/9.0.17]
14:36:41.701 [main] INFO  org.apache.catalina.core.ContainerBase.[Tomcat].[localhost].[/] - Initializing Spring embedded WebApplicationContext
14:36:42.190 [main] INFO  com.alibaba.druid.spring.boot.autoconfigure.DruidDataSourceAutoConfigure - Init DruidDataSource
14:36:42.365 [main] INFO  com.ulisesbocchio.jasyptspringboot.encryptor.DefaultLazyEncryptor - String Encryptor custom Bean not found with name 'jasyptStringEncryptor'. Initializing Default String Encryptor
14:36:42.393 [main] INFO  com.ulisesbocchio.jasyptspringboot.encryptor.DefaultLazyEncryptor - Encryptor config not found for property jasypt.encryptor.algorithm, using default value: PBEWithMD5AndDES
14:36:42.394 [main] INFO  com.ulisesbocchio.jasyptspringboot.encryptor.DefaultLazyEncryptor - Encryptor config not found for property jasypt.encryptor.keyObtentionIterations, using default value: 1000
14:36:42.395 [main] INFO  com.ulisesbocchio.jasyptspringboot.encryptor.DefaultLazyEncryptor - Encryptor config not found for property jasypt.encryptor.poolSize, using default value: 1
14:36:42.395 [main] INFO  com.ulisesbocchio.jasyptspringboot.encryptor.DefaultLazyEncryptor - Encryptor config not found for property jasypt.encryptor.providerName, using default value: null
14:36:42.397 [main] INFO  com.ulisesbocchio.jasyptspringboot.encryptor.DefaultLazyEncryptor - Encryptor config not found for property jasypt.encryptor.providerClassName, using default value: null
14:36:42.398 [main] INFO  com.ulisesbocchio.jasyptspringboot.encryptor.DefaultLazyEncryptor - Encryptor config not found for property jasypt.encryptor.saltGeneratorClassname, using default value: org.jasypt.salt.RandomSaltGenerator
14:36:42.399 [main] INFO  com.ulisesbocchio.jasyptspringboot.encryptor.DefaultLazyEncryptor - Encryptor config not found for property jasypt.encryptor.stringOutputType, using default value: base64
14:36:45.765 [main] INFO  com.alibaba.druid.pool.DruidDataSource - {dataSource-1} inited
14:36:48.520 [main] INFO  springfox.documentation.spring.web.plugins.DocumentationPluginsBootstrapper - Context refreshed
14:36:48.573 [main] INFO  springfox.documentation.spring.web.plugins.DocumentationPluginsBootstrapper - Found 1 custom documentation plugin(s)
14:36:48.595 [main] INFO  springfox.documentation.spring.web.scanners.ApiListingReferenceScanner - Scanning for api listing references
14:36:48.880 [main] INFO  springfox.documentation.spring.web.readers.operation.CachingOperationNameGenerator - Generating unique operation named: getAllUsingGET_1
14:36:48.912 [main] INFO  springfox.documentation.spring.web.readers.operation.CachingOperationNameGenerator - Generating unique operation named: getAllUsingGET_2
14:36:48.942 [main] INFO  springfox.documentation.spring.web.readers.operation.CachingOperationNameGenerator - Generating unique operation named: getAllUsingGET_3
14:36:48.958 [main] INFO  springfox.documentation.spring.web.readers.operation.CachingOperationNameGenerator - Generating unique operation named: getAllUsingGET_4
14:36:49.064 [main] INFO  springfox.documentation.spring.web.readers.operation.CachingOperationNameGenerator - Generating unique operation named: addUseInfoUsingPOST_1
14:36:49.074 [main] INFO  springfox.documentation.spring.web.readers.operation.CachingOperationNameGenerator - Generating unique operation named: getAllUsingGET_5
14:36:49.110 [main] INFO  org.apache.coyote.http11.Http11NioProtocol - Starting ProtocolHandler ["http-nio-8080"]
14:36:49.164 [main] INFO  com.example.hotel.HotelApplication - Started HotelApplication in 16.415 seconds (JVM running for 22.885)
14:41:50.393 [http-nio-8080-exec-1] INFO  org.apache.catalina.core.ContainerBase.[Tomcat].[localhost].[/] - Initializing Spring DispatcherServlet 'dispatcherServlet'
14:42:15.039 [http-nio-8080-exec-1] INFO  com.example.hotel.controller.OrdersController - /Order/list/Order/list--------------------------------------------------------
14:42:15.039 [http-nio-8080-exec-1] INFO  com.example.hotel.controller.OrdersController - 获取缓存
14:42:15.039 [http-nio-8080-exec-1] INFO  com.example.hotel.serviceImpl.UserServiceImpl - 查询数据
14:42:15.224 [http-nio-8080-exec-1] INFO  io.lettuce.core.EpollProvider - Starting without optional epoll library
14:42:15.226 [http-nio-8080-exec-1] INFO  io.lettuce.core.KqueueProvider - Starting without optional kqueue library
14:42:18.118 [http-nio-8080-exec-4] INFO  com.example.hotel.controller.OrdersController - /Order/list/Order/list--------------------------------------------------------
14:42:18.119 [http-nio-8080-exec-4] INFO  com.example.hotel.controller.OrdersController - 获取缓存
14:42:18.119 [http-nio-8080-exec-4] INFO  com.example.hotel.serviceImpl.UserServiceImpl - 查询数据
14:42:19.309 [http-nio-8080-exec-8] INFO  com.example.hotel.controller.OrdersController - /Order/list/Order/list--------------------------------------------------------
14:42:19.309 [http-nio-8080-exec-8] INFO  com.example.hotel.controller.OrdersController - 获取缓存
14:42:19.310 [http-nio-8080-exec-8] INFO  com.example.hotel.serviceImpl.UserServiceImpl - 查询数据
14:42:19.545 [http-nio-8080-exec-7] INFO  com.example.hotel.controller.OrdersController - /Order/list/Order/list--------------------------------------------------------
14:42:19.546 [http-nio-8080-exec-7] INFO  com.example.hotel.controller.OrdersController - 获取缓存
14:42:19.546 [http-nio-8080-exec-7] INFO  com.example.hotel.serviceImpl.UserServiceImpl - 查询数据
14:42:20.081 [http-nio-8080-exec-6] INFO  com.example.hotel.controller.OrdersController - /Order/list/Order/list--------------------------------------------------------
14:42:20.081 [http-nio-8080-exec-6] INFO  com.example.hotel.controller.OrdersController - 获取缓存
14:42:20.081 [http-nio-8080-exec-6] INFO  com.example.hotel.serviceImpl.UserServiceImpl - 查询数据
14:42:20.304 [http-nio-8080-exec-2] INFO  com.example.hotel.controller.OrdersController - /Order/list/Order/list--------------------------------------------------------
14:42:20.305 [http-nio-8080-exec-2] INFO  com.example.hotel.controller.OrdersController - 获取缓存
14:42:20.305 [http-nio-8080-exec-2] INFO  com.example.hotel.serviceImpl.UserServiceImpl - 查询数据
14:42:20.520 [http-nio-8080-exec-3] INFO  com.example.hotel.controller.OrdersController - /Order/list/Order/list--------------------------------------------------------
14:42:20.520 [http-nio-8080-exec-3] INFO  com.example.hotel.controller.OrdersController - 获取缓存
14:42:20.520 [http-nio-8080-exec-3] INFO  com.example.hotel.serviceImpl.UserServiceImpl - 查询数据
14:42:20.737 [http-nio-8080-exec-9] INFO  com.example.hotel.controller.OrdersController - /Order/list/Order/list--------------------------------------------------------
14:42:20.737 [http-nio-8080-exec-9] INFO  com.example.hotel.controller.OrdersController - 获取缓存
14:42:20.737 [http-nio-8080-exec-9] INFO  com.example.hotel.serviceImpl.UserServiceImpl - 查询数据
14:42:20.938 [http-nio-8080-exec-10] INFO  com.example.hotel.controller.OrdersController - /Order/list/Order/list--------------------------------------------------------
14:42:20.938 [http-nio-8080-exec-10] INFO  com.example.hotel.controller.OrdersController - 获取缓存
14:42:20.938 [http-nio-8080-exec-10] INFO  com.example.hotel.serviceImpl.UserServiceImpl - 查询数据
14:42:26.182 [http-nio-8080-exec-15] INFO  com.example.hotel.controller.OrdersController - /Order/list/Order/list--------------------------------------------------------
14:42:26.182 [http-nio-8080-exec-15] INFO  com.example.hotel.controller.OrdersController - 获取缓存
14:42:26.182 [http-nio-8080-exec-15] INFO  com.example.hotel.serviceImpl.UserServiceImpl - 查询数据
14:42:29.300 [http-nio-8080-exec-13] INFO  com.example.hotel.controller.OrdersController - /Order/list/Order/list--------------------------------------------------------
14:42:29.301 [http-nio-8080-exec-13] INFO  com.example.hotel.controller.OrdersController - 获取缓存
14:42:29.301 [http-nio-8080-exec-13] INFO  com.example.hotel.serviceImpl.UserServiceImpl - 查询数据
14:42:29.552 [http-nio-8080-exec-12] INFO  com.example.hotel.controller.OrdersController - /Order/list/Order/list--------------------------------------------------------
14:42:29.553 [http-nio-8080-exec-12] INFO  com.example.hotel.controller.OrdersController - 获取缓存
14:42:29.553 [http-nio-8080-exec-12] INFO  com.example.hotel.serviceImpl.UserServiceImpl - 查询数据
14:42:29.737 [http-nio-8080-exec-11] INFO  com.example.hotel.controller.OrdersController - /Order/list/Order/list--------------------------------------------------------
14:42:29.737 [http-nio-8080-exec-11] INFO  com.example.hotel.controller.OrdersController - 获取缓存
14:42:29.738 [http-nio-8080-exec-11] INFO  com.example.hotel.serviceImpl.UserServiceImpl - 查询数据
14:42:29.952 [http-nio-8080-exec-5] INFO  com.example.hotel.controller.OrdersController - /Order/list/Order/list--------------------------------------------------------
14:42:29.953 [http-nio-8080-exec-5] INFO  com.example.hotel.controller.OrdersController - 获取缓存
14:42:29.953 [http-nio-8080-exec-5] INFO  com.example.hotel.serviceImpl.UserServiceImpl - 查询数据
14:42:30.184 [http-nio-8080-exec-14] INFO  com.example.hotel.controller.OrdersController - /Order/list/Order/list--------------------------------------------------------
14:42:30.184 [http-nio-8080-exec-14] INFO  com.example.hotel.controller.OrdersController - 获取缓存
14:42:30.184 [http-nio-8080-exec-14] INFO  com.example.hotel.serviceImpl.UserServiceImpl - 查询数据
14:42:39.939 [http-nio-8080-exec-19] INFO  com.example.hotel.controller.OrdersController - /Order/list/Order/list--------------------------------------------------------
14:42:39.939 [http-nio-8080-exec-19] INFO  com.example.hotel.controller.OrdersController - 获取缓存
14:42:39.939 [http-nio-8080-exec-19] INFO  com.example.hotel.serviceImpl.UserServiceImpl - 查询数据
14:43:03.167 [http-nio-8080-exec-20] INFO  com.example.hotel.controller.OrdersController - /Order/list/Order/list--------------------------------------------------------
14:43:03.167 [http-nio-8080-exec-20] INFO  com.example.hotel.controller.OrdersController - 获取缓存
14:43:03.168 [http-nio-8080-exec-20] INFO  com.example.hotel.serviceImpl.UserServiceImpl - 查询数据
